../../node_modules/.pnpm/typescript@5.8.3/node_modules/typescript/lib/lib.es5.d.ts
  Library referenced via 'es5' from file '../../node_modules/.pnpm/typescript@5.8.3/node_modules/typescript/lib/lib.es2015.d.ts'
../../node_modules/.pnpm/typescript@5.8.3/node_modules/typescript/lib/lib.es2015.d.ts
  Library referenced via 'es2015' from file '../../node_modules/.pnpm/typescript@5.8.3/node_modules/typescript/lib/lib.es2016.d.ts'
../../node_modules/.pnpm/typescript@5.8.3/node_modules/typescript/lib/lib.es2016.d.ts
  Library referenced via 'es2016' from file '../../node_modules/.pnpm/typescript@5.8.3/node_modules/typescript/lib/lib.es2016.full.d.ts'
../../node_modules/.pnpm/typescript@5.8.3/node_modules/typescript/lib/lib.dom.d.ts
  Library referenced via 'dom' from file '../../node_modules/.pnpm/typescript@5.8.3/node_modules/typescript/lib/lib.es2016.full.d.ts'
../../node_modules/.pnpm/typescript@5.8.3/node_modules/typescript/lib/lib.dom.iterable.d.ts
  Library referenced via 'dom.iterable' from file '../../node_modules/.pnpm/typescript@5.8.3/node_modules/typescript/lib/lib.es2016.full.d.ts'
../../node_modules/.pnpm/typescript@5.8.3/node_modules/typescript/lib/lib.webworker.importscripts.d.ts
  Library referenced via 'webworker.importscripts' from file '../../node_modules/.pnpm/typescript@5.8.3/node_modules/typescript/lib/lib.es2016.full.d.ts'
../../node_modules/.pnpm/typescript@5.8.3/node_modules/typescript/lib/lib.scripthost.d.ts
  Library referenced via 'scripthost' from file '../../node_modules/.pnpm/typescript@5.8.3/node_modules/typescript/lib/lib.es2016.full.d.ts'
../../node_modules/.pnpm/typescript@5.8.3/node_modules/typescript/lib/lib.es2015.core.d.ts
  Library referenced via 'es2015.core' from file '../../node_modules/.pnpm/typescript@5.8.3/node_modules/typescript/lib/lib.es2015.d.ts'
../../node_modules/.pnpm/typescript@5.8.3/node_modules/typescript/lib/lib.es2015.collection.d.ts
  Library referenced via 'es2015.collection' from file '../../node_modules/.pnpm/typescript@5.8.3/node_modules/typescript/lib/lib.es2015.d.ts'
../../node_modules/.pnpm/typescript@5.8.3/node_modules/typescript/lib/lib.es2015.generator.d.ts
  Library referenced via 'es2015.generator' from file '../../node_modules/.pnpm/typescript@5.8.3/node_modules/typescript/lib/lib.es2015.d.ts'
../../node_modules/.pnpm/typescript@5.8.3/node_modules/typescript/lib/lib.es2015.iterable.d.ts
  Library referenced via 'es2015.iterable' from file '../../node_modules/.pnpm/typescript@5.8.3/node_modules/typescript/lib/lib.es2015.d.ts'
  Library referenced via 'es2015.iterable' from file '../../node_modules/.pnpm/typescript@5.8.3/node_modules/typescript/lib/lib.es2015.generator.d.ts'
../../node_modules/.pnpm/typescript@5.8.3/node_modules/typescript/lib/lib.es2015.promise.d.ts
  Library referenced via 'es2015.promise' from file '../../node_modules/.pnpm/typescript@5.8.3/node_modules/typescript/lib/lib.es2015.d.ts'
../../node_modules/.pnpm/typescript@5.8.3/node_modules/typescript/lib/lib.es2015.proxy.d.ts
  Library referenced via 'es2015.proxy' from file '../../node_modules/.pnpm/typescript@5.8.3/node_modules/typescript/lib/lib.es2015.d.ts'
../../node_modules/.pnpm/typescript@5.8.3/node_modules/typescript/lib/lib.es2015.reflect.d.ts
  Library referenced via 'es2015.reflect' from file '../../node_modules/.pnpm/typescript@5.8.3/node_modules/typescript/lib/lib.es2015.d.ts'
../../node_modules/.pnpm/typescript@5.8.3/node_modules/typescript/lib/lib.es2015.symbol.d.ts
  Library referenced via 'es2015.symbol' from file '../../node_modules/.pnpm/typescript@5.8.3/node_modules/typescript/lib/lib.es2015.iterable.d.ts'
  Library referenced via 'es2015.symbol' from file '../../node_modules/.pnpm/typescript@5.8.3/node_modules/typescript/lib/lib.es2015.d.ts'
  Library referenced via 'es2015.symbol' from file '../../node_modules/.pnpm/typescript@5.8.3/node_modules/typescript/lib/lib.es2015.symbol.wellknown.d.ts'
../../node_modules/.pnpm/typescript@5.8.3/node_modules/typescript/lib/lib.es2015.symbol.wellknown.d.ts
  Library referenced via 'es2015.symbol.wellknown' from file '../../node_modules/.pnpm/typescript@5.8.3/node_modules/typescript/lib/lib.es2015.d.ts'
../../node_modules/.pnpm/typescript@5.8.3/node_modules/typescript/lib/lib.es2016.array.include.d.ts
  Library referenced via 'es2016.array.include' from file '../../node_modules/.pnpm/typescript@5.8.3/node_modules/typescript/lib/lib.es2016.d.ts'
../../node_modules/.pnpm/typescript@5.8.3/node_modules/typescript/lib/lib.es2016.intl.d.ts
  Library referenced via 'es2016.intl' from file '../../node_modules/.pnpm/typescript@5.8.3/node_modules/typescript/lib/lib.es2016.d.ts'
../../node_modules/.pnpm/typescript@5.8.3/node_modules/typescript/lib/lib.decorators.d.ts
  Library referenced via 'decorators' from file '../../node_modules/.pnpm/typescript@5.8.3/node_modules/typescript/lib/lib.es5.d.ts'
../../node_modules/.pnpm/typescript@5.8.3/node_modules/typescript/lib/lib.decorators.legacy.d.ts
  Library referenced via 'decorators.legacy' from file '../../node_modules/.pnpm/typescript@5.8.3/node_modules/typescript/lib/lib.es5.d.ts'
../../node_modules/.pnpm/typescript@5.8.3/node_modules/typescript/lib/lib.es2016.full.d.ts
  Default library for target 'es2016'
../../node_modules/.pnpm/@types+react@18.3.1/node_modules/@types/react/global.d.ts
  Referenced via 'global.d.ts' from file '../../node_modules/.pnpm/@types+react@18.3.1/node_modules/@types/react/index.d.ts'
../../node_modules/.pnpm/csstype@3.1.3/node_modules/csstype/index.d.ts
  Imported via "csstype" from file '../../node_modules/.pnpm/@types+react@18.3.1/node_modules/@types/react/index.d.ts' with packageId 'csstype/index.d.ts@3.1.3'
../../node_modules/.pnpm/@types+prop-types@15.7.14/node_modules/@types/prop-types/index.d.ts
  Imported via "prop-types" from file '../../node_modules/.pnpm/@types+react@18.3.1/node_modules/@types/react/index.d.ts' with packageId '@types/prop-types/index.d.ts@15.7.14'
../../node_modules/.pnpm/@types+react@18.3.1/node_modules/@types/react/index.d.ts
  Imported via "./" from file '../../node_modules/.pnpm/@types+react@18.3.1/node_modules/@types/react/jsx-runtime.d.ts' with packageId '@types/react/ndex.d.ts@18.3.1'
  Imported via "./" from file '../../node_modules/.pnpm/@types+react@18.3.1/node_modules/@types/react/jsx-runtime.d.ts' with packageId '@types/react/ndex.d.ts@18.3.1'
  Imported via 'react' from file '../../node_modules/.pnpm/swiper@11.2.10/node_modules/swiper/swiper-react.d.ts' with packageId '@types/react/index.d.ts@18.3.1'
  Entry point for implicit type library 'react' with packageId '@types/react/index.d.ts@18.3.1'
  Imported via "react" from file '../../node_modules/.pnpm/@types+react-dom@18.3.1/node_modules/@types/react-dom/index.d.ts' with packageId '@types/react/index.d.ts@18.3.1'
../../node_modules/.pnpm/@types+react@18.3.1/node_modules/@types/react/jsx-runtime.d.ts
  Imported via "react/jsx-runtime" from file 'index.tsx' with packageId '@types/react/jsx-runtime.d.ts@18.3.1' to import 'jsx' and 'jsxs' factory functions
../../node_modules/.pnpm/swiper@11.2.10/node_modules/swiper/types/shared.d.ts
  Imported via './shared.d.ts' from file '../../node_modules/.pnpm/swiper@11.2.10/node_modules/swiper/types/index.d.ts' with packageId 'swiper/types/shared.d.ts@11.2.10'
  Imported via '../shared.d.ts' from file '../../node_modules/.pnpm/swiper@11.2.10/node_modules/swiper/types/modules/mousewheel.d.ts' with packageId 'swiper/types/shared.d.ts@11.2.10'
  Imported via '../shared.d.ts' from file '../../node_modules/.pnpm/swiper@11.2.10/node_modules/swiper/types/modules/navigation.d.ts' with packageId 'swiper/types/shared.d.ts@11.2.10'
  Imported via '../shared.d.ts' from file '../../node_modules/.pnpm/swiper@11.2.10/node_modules/swiper/types/modules/pagination.d.ts' with packageId 'swiper/types/shared.d.ts@11.2.10'
  Imported via '../shared.d.ts' from file '../../node_modules/.pnpm/swiper@11.2.10/node_modules/swiper/types/modules/scrollbar.d.ts' with packageId 'swiper/types/shared.d.ts@11.2.10'
  Imported via './shared.d.ts' from file '../../node_modules/.pnpm/swiper@11.2.10/node_modules/swiper/types/swiper-options.d.ts' with packageId 'swiper/types/shared.d.ts@11.2.10'
  Imported via './shared.d.ts' from file '../../node_modules/.pnpm/swiper@11.2.10/node_modules/swiper/types/swiper-class.d.ts' with packageId 'swiper/types/shared.d.ts@11.2.10'
  File is ECMAScript module because '../../node_modules/.pnpm/swiper@11.2.10/node_modules/swiper/package.json' has field "type" with value "module"
../../node_modules/.pnpm/swiper@11.2.10/node_modules/swiper/types/modules/a11y.d.ts
  Imported via './modules/a11y.d.ts' from file '../../node_modules/.pnpm/swiper@11.2.10/node_modules/swiper/types/swiper-options.d.ts' with packageId 'swiper/types/modules/a11y.d.ts@11.2.10'
  Imported via './modules/a11y.d.ts' from file '../../node_modules/.pnpm/swiper@11.2.10/node_modules/swiper/types/swiper-events.d.ts' with packageId 'swiper/types/modules/a11y.d.ts@11.2.10'
  Imported via './modules/a11y.d.ts' from file '../../node_modules/.pnpm/swiper@11.2.10/node_modules/swiper/types/swiper-class.d.ts' with packageId 'swiper/types/modules/a11y.d.ts@11.2.10'
  Imported via './a11y.d.ts' from file '../../node_modules/.pnpm/swiper@11.2.10/node_modules/swiper/types/modules/public-api.d.ts' with packageId 'swiper/types/modules/a11y.d.ts@11.2.10'
  File is ECMAScript module because '../../node_modules/.pnpm/swiper@11.2.10/node_modules/swiper/package.json' has field "type" with value "module"
../../node_modules/.pnpm/swiper@11.2.10/node_modules/swiper/types/modules/autoplay.d.ts
  Imported via './modules/autoplay.d.ts' from file '../../node_modules/.pnpm/swiper@11.2.10/node_modules/swiper/types/swiper-options.d.ts' with packageId 'swiper/types/modules/autoplay.d.ts@11.2.10'
  Imported via './modules/autoplay.d.ts' from file '../../node_modules/.pnpm/swiper@11.2.10/node_modules/swiper/types/swiper-events.d.ts' with packageId 'swiper/types/modules/autoplay.d.ts@11.2.10'
  Imported via './modules/autoplay.d.ts' from file '../../node_modules/.pnpm/swiper@11.2.10/node_modules/swiper/types/swiper-class.d.ts' with packageId 'swiper/types/modules/autoplay.d.ts@11.2.10'
  Imported via './autoplay.d.ts' from file '../../node_modules/.pnpm/swiper@11.2.10/node_modules/swiper/types/modules/public-api.d.ts' with packageId 'swiper/types/modules/autoplay.d.ts@11.2.10'
  File is ECMAScript module because '../../node_modules/.pnpm/swiper@11.2.10/node_modules/swiper/package.json' has field "type" with value "module"
../../node_modules/.pnpm/swiper@11.2.10/node_modules/swiper/types/modules/controller.d.ts
  Imported via './modules/controller.d.ts' from file '../../node_modules/.pnpm/swiper@11.2.10/node_modules/swiper/types/swiper-options.d.ts' with packageId 'swiper/types/modules/controller.d.ts@11.2.10'
  Imported via './modules/controller.d.ts' from file '../../node_modules/.pnpm/swiper@11.2.10/node_modules/swiper/types/swiper-events.d.ts' with packageId 'swiper/types/modules/controller.d.ts@11.2.10'
  Imported via './modules/controller.d.ts' from file '../../node_modules/.pnpm/swiper@11.2.10/node_modules/swiper/types/swiper-class.d.ts' with packageId 'swiper/types/modules/controller.d.ts@11.2.10'
  Imported via './controller.d.ts' from file '../../node_modules/.pnpm/swiper@11.2.10/node_modules/swiper/types/modules/public-api.d.ts' with packageId 'swiper/types/modules/controller.d.ts@11.2.10'
  File is ECMAScript module because '../../node_modules/.pnpm/swiper@11.2.10/node_modules/swiper/package.json' has field "type" with value "module"
../../node_modules/.pnpm/swiper@11.2.10/node_modules/swiper/types/modules/effect-coverflow.d.ts
  Imported via './modules/effect-coverflow.d.ts' from file '../../node_modules/.pnpm/swiper@11.2.10/node_modules/swiper/types/swiper-options.d.ts' with packageId 'swiper/types/modules/effect-coverflow.d.ts@11.2.10'
  Imported via './modules/effect-coverflow.d.ts' from file '../../node_modules/.pnpm/swiper@11.2.10/node_modules/swiper/types/swiper-events.d.ts' with packageId 'swiper/types/modules/effect-coverflow.d.ts@11.2.10'
  Imported via './modules/effect-coverflow.d.ts' from file '../../node_modules/.pnpm/swiper@11.2.10/node_modules/swiper/types/swiper-class.d.ts' with packageId 'swiper/types/modules/effect-coverflow.d.ts@11.2.10'
  Imported via './effect-coverflow.d.ts' from file '../../node_modules/.pnpm/swiper@11.2.10/node_modules/swiper/types/modules/public-api.d.ts' with packageId 'swiper/types/modules/effect-coverflow.d.ts@11.2.10'
  File is ECMAScript module because '../../node_modules/.pnpm/swiper@11.2.10/node_modules/swiper/package.json' has field "type" with value "module"
../../node_modules/.pnpm/swiper@11.2.10/node_modules/swiper/types/modules/effect-cube.d.ts
  Imported via './modules/effect-cube.d.ts' from file '../../node_modules/.pnpm/swiper@11.2.10/node_modules/swiper/types/swiper-options.d.ts' with packageId 'swiper/types/modules/effect-cube.d.ts@11.2.10'
  Imported via './modules/effect-cube.d.ts' from file '../../node_modules/.pnpm/swiper@11.2.10/node_modules/swiper/types/swiper-events.d.ts' with packageId 'swiper/types/modules/effect-cube.d.ts@11.2.10'
  Imported via './modules/effect-cube.d.ts' from file '../../node_modules/.pnpm/swiper@11.2.10/node_modules/swiper/types/swiper-class.d.ts' with packageId 'swiper/types/modules/effect-cube.d.ts@11.2.10'
  Imported via './effect-cube.d.ts' from file '../../node_modules/.pnpm/swiper@11.2.10/node_modules/swiper/types/modules/public-api.d.ts' with packageId 'swiper/types/modules/effect-cube.d.ts@11.2.10'
  File is ECMAScript module because '../../node_modules/.pnpm/swiper@11.2.10/node_modules/swiper/package.json' has field "type" with value "module"
../../node_modules/.pnpm/swiper@11.2.10/node_modules/swiper/types/modules/effect-fade.d.ts
  Imported via './modules/effect-fade.d.ts' from file '../../node_modules/.pnpm/swiper@11.2.10/node_modules/swiper/types/swiper-options.d.ts' with packageId 'swiper/types/modules/effect-fade.d.ts@11.2.10'
  Imported via './modules/effect-fade.d.ts' from file '../../node_modules/.pnpm/swiper@11.2.10/node_modules/swiper/types/swiper-events.d.ts' with packageId 'swiper/types/modules/effect-fade.d.ts@11.2.10'
  Imported via './modules/effect-fade.d.ts' from file '../../node_modules/.pnpm/swiper@11.2.10/node_modules/swiper/types/swiper-class.d.ts' with packageId 'swiper/types/modules/effect-fade.d.ts@11.2.10'
  Imported via './effect-fade.d.ts' from file '../../node_modules/.pnpm/swiper@11.2.10/node_modules/swiper/types/modules/public-api.d.ts' with packageId 'swiper/types/modules/effect-fade.d.ts@11.2.10'
  File is ECMAScript module because '../../node_modules/.pnpm/swiper@11.2.10/node_modules/swiper/package.json' has field "type" with value "module"
../../node_modules/.pnpm/swiper@11.2.10/node_modules/swiper/types/modules/effect-flip.d.ts
  Imported via './modules/effect-flip.d.ts' from file '../../node_modules/.pnpm/swiper@11.2.10/node_modules/swiper/types/swiper-options.d.ts' with packageId 'swiper/types/modules/effect-flip.d.ts@11.2.10'
  Imported via './modules/effect-flip.d.ts' from file '../../node_modules/.pnpm/swiper@11.2.10/node_modules/swiper/types/swiper-events.d.ts' with packageId 'swiper/types/modules/effect-flip.d.ts@11.2.10'
  Imported via './modules/effect-flip.d.ts' from file '../../node_modules/.pnpm/swiper@11.2.10/node_modules/swiper/types/swiper-class.d.ts' with packageId 'swiper/types/modules/effect-flip.d.ts@11.2.10'
  Imported via './effect-flip.d.ts' from file '../../node_modules/.pnpm/swiper@11.2.10/node_modules/swiper/types/modules/public-api.d.ts' with packageId 'swiper/types/modules/effect-flip.d.ts@11.2.10'
  File is ECMAScript module because '../../node_modules/.pnpm/swiper@11.2.10/node_modules/swiper/package.json' has field "type" with value "module"
../../node_modules/.pnpm/swiper@11.2.10/node_modules/swiper/types/modules/effect-creative.d.ts
  Imported via './modules/effect-creative.d.ts' from file '../../node_modules/.pnpm/swiper@11.2.10/node_modules/swiper/types/swiper-options.d.ts' with packageId 'swiper/types/modules/effect-creative.d.ts@11.2.10'
  Imported via './modules/effect-creative.d.ts' from file '../../node_modules/.pnpm/swiper@11.2.10/node_modules/swiper/types/swiper-events.d.ts' with packageId 'swiper/types/modules/effect-creative.d.ts@11.2.10'
  Imported via './modules/effect-creative.d.ts' from file '../../node_modules/.pnpm/swiper@11.2.10/node_modules/swiper/types/swiper-class.d.ts' with packageId 'swiper/types/modules/effect-creative.d.ts@11.2.10'
  Imported via './effect-creative.d.ts' from file '../../node_modules/.pnpm/swiper@11.2.10/node_modules/swiper/types/modules/public-api.d.ts' with packageId 'swiper/types/modules/effect-creative.d.ts@11.2.10'
  File is ECMAScript module because '../../node_modules/.pnpm/swiper@11.2.10/node_modules/swiper/package.json' has field "type" with value "module"
../../node_modules/.pnpm/swiper@11.2.10/node_modules/swiper/types/modules/effect-cards.d.ts
  Imported via './modules/effect-cards.d.ts' from file '../../node_modules/.pnpm/swiper@11.2.10/node_modules/swiper/types/swiper-options.d.ts' with packageId 'swiper/types/modules/effect-cards.d.ts@11.2.10'
  Imported via './modules/effect-cards.d.ts' from file '../../node_modules/.pnpm/swiper@11.2.10/node_modules/swiper/types/swiper-events.d.ts' with packageId 'swiper/types/modules/effect-cards.d.ts@11.2.10'
  Imported via './modules/effect-cards.d.ts' from file '../../node_modules/.pnpm/swiper@11.2.10/node_modules/swiper/types/swiper-class.d.ts' with packageId 'swiper/types/modules/effect-cards.d.ts@11.2.10'
  Imported via './effect-cards.d.ts' from file '../../node_modules/.pnpm/swiper@11.2.10/node_modules/swiper/types/modules/public-api.d.ts' with packageId 'swiper/types/modules/effect-cards.d.ts@11.2.10'
  File is ECMAScript module because '../../node_modules/.pnpm/swiper@11.2.10/node_modules/swiper/package.json' has field "type" with value "module"
../../node_modules/.pnpm/swiper@11.2.10/node_modules/swiper/types/modules/hash-navigation.d.ts
  Imported via './modules/hash-navigation.d.ts' from file '../../node_modules/.pnpm/swiper@11.2.10/node_modules/swiper/types/swiper-options.d.ts' with packageId 'swiper/types/modules/hash-navigation.d.ts@11.2.10'
  Imported via './modules/hash-navigation.d.ts' from file '../../node_modules/.pnpm/swiper@11.2.10/node_modules/swiper/types/swiper-events.d.ts' with packageId 'swiper/types/modules/hash-navigation.d.ts@11.2.10'
  Imported via './modules/hash-navigation.d.ts' from file '../../node_modules/.pnpm/swiper@11.2.10/node_modules/swiper/types/swiper-class.d.ts' with packageId 'swiper/types/modules/hash-navigation.d.ts@11.2.10'
  Imported via './hash-navigation.d.ts' from file '../../node_modules/.pnpm/swiper@11.2.10/node_modules/swiper/types/modules/public-api.d.ts' with packageId 'swiper/types/modules/hash-navigation.d.ts@11.2.10'
  File is ECMAScript module because '../../node_modules/.pnpm/swiper@11.2.10/node_modules/swiper/package.json' has field "type" with value "module"
../../node_modules/.pnpm/swiper@11.2.10/node_modules/swiper/types/modules/history.d.ts
  Imported via './modules/history.d.ts' from file '../../node_modules/.pnpm/swiper@11.2.10/node_modules/swiper/types/swiper-options.d.ts' with packageId 'swiper/types/modules/history.d.ts@11.2.10'
  Imported via './modules/history.d.ts' from file '../../node_modules/.pnpm/swiper@11.2.10/node_modules/swiper/types/swiper-events.d.ts' with packageId 'swiper/types/modules/history.d.ts@11.2.10'
  Imported via './modules/history.d.ts' from file '../../node_modules/.pnpm/swiper@11.2.10/node_modules/swiper/types/swiper-class.d.ts' with packageId 'swiper/types/modules/history.d.ts@11.2.10'
  Imported via './history.d.ts' from file '../../node_modules/.pnpm/swiper@11.2.10/node_modules/swiper/types/modules/public-api.d.ts' with packageId 'swiper/types/modules/history.d.ts@11.2.10'
  File is ECMAScript module because '../../node_modules/.pnpm/swiper@11.2.10/node_modules/swiper/package.json' has field "type" with value "module"
../../node_modules/.pnpm/swiper@11.2.10/node_modules/swiper/types/modules/keyboard.d.ts
  Imported via './modules/keyboard.d.ts' from file '../../node_modules/.pnpm/swiper@11.2.10/node_modules/swiper/types/swiper-options.d.ts' with packageId 'swiper/types/modules/keyboard.d.ts@11.2.10'
  Imported via './modules/keyboard.d.ts' from file '../../node_modules/.pnpm/swiper@11.2.10/node_modules/swiper/types/swiper-events.d.ts' with packageId 'swiper/types/modules/keyboard.d.ts@11.2.10'
  Imported via './modules/keyboard.d.ts' from file '../../node_modules/.pnpm/swiper@11.2.10/node_modules/swiper/types/swiper-class.d.ts' with packageId 'swiper/types/modules/keyboard.d.ts@11.2.10'
  Imported via './keyboard.d.ts' from file '../../node_modules/.pnpm/swiper@11.2.10/node_modules/swiper/types/modules/public-api.d.ts' with packageId 'swiper/types/modules/keyboard.d.ts@11.2.10'
  File is ECMAScript module because '../../node_modules/.pnpm/swiper@11.2.10/node_modules/swiper/package.json' has field "type" with value "module"
../../node_modules/.pnpm/swiper@11.2.10/node_modules/swiper/types/modules/mousewheel.d.ts
  Imported via './modules/mousewheel.d.ts' from file '../../node_modules/.pnpm/swiper@11.2.10/node_modules/swiper/types/swiper-options.d.ts' with packageId 'swiper/types/modules/mousewheel.d.ts@11.2.10'
  Imported via './modules/mousewheel.d.ts' from file '../../node_modules/.pnpm/swiper@11.2.10/node_modules/swiper/types/swiper-events.d.ts' with packageId 'swiper/types/modules/mousewheel.d.ts@11.2.10'
  Imported via './modules/mousewheel.d.ts' from file '../../node_modules/.pnpm/swiper@11.2.10/node_modules/swiper/types/swiper-class.d.ts' with packageId 'swiper/types/modules/mousewheel.d.ts@11.2.10'
  Imported via './mousewheel.d.ts' from file '../../node_modules/.pnpm/swiper@11.2.10/node_modules/swiper/types/modules/public-api.d.ts' with packageId 'swiper/types/modules/mousewheel.d.ts@11.2.10'
  File is ECMAScript module because '../../node_modules/.pnpm/swiper@11.2.10/node_modules/swiper/package.json' has field "type" with value "module"
../../node_modules/.pnpm/swiper@11.2.10/node_modules/swiper/types/modules/navigation.d.ts
  Imported via './modules/navigation.d.ts' from file '../../node_modules/.pnpm/swiper@11.2.10/node_modules/swiper/types/swiper-options.d.ts' with packageId 'swiper/types/modules/navigation.d.ts@11.2.10'
  Imported via './modules/navigation.d.ts' from file '../../node_modules/.pnpm/swiper@11.2.10/node_modules/swiper/types/swiper-events.d.ts' with packageId 'swiper/types/modules/navigation.d.ts@11.2.10'
  Imported via './modules/navigation.d.ts' from file '../../node_modules/.pnpm/swiper@11.2.10/node_modules/swiper/types/swiper-class.d.ts' with packageId 'swiper/types/modules/navigation.d.ts@11.2.10'
  Imported via './navigation.d.ts' from file '../../node_modules/.pnpm/swiper@11.2.10/node_modules/swiper/types/modules/public-api.d.ts' with packageId 'swiper/types/modules/navigation.d.ts@11.2.10'
  File is ECMAScript module because '../../node_modules/.pnpm/swiper@11.2.10/node_modules/swiper/package.json' has field "type" with value "module"
../../node_modules/.pnpm/swiper@11.2.10/node_modules/swiper/types/modules/pagination.d.ts
  Imported via './modules/pagination.d.ts' from file '../../node_modules/.pnpm/swiper@11.2.10/node_modules/swiper/types/swiper-options.d.ts' with packageId 'swiper/types/modules/pagination.d.ts@11.2.10'
  Imported via './modules/pagination.d.ts' from file '../../node_modules/.pnpm/swiper@11.2.10/node_modules/swiper/types/swiper-events.d.ts' with packageId 'swiper/types/modules/pagination.d.ts@11.2.10'
  Imported via './modules/pagination.d.ts' from file '../../node_modules/.pnpm/swiper@11.2.10/node_modules/swiper/types/swiper-class.d.ts' with packageId 'swiper/types/modules/pagination.d.ts@11.2.10'
  Imported via './pagination.d.ts' from file '../../node_modules/.pnpm/swiper@11.2.10/node_modules/swiper/types/modules/public-api.d.ts' with packageId 'swiper/types/modules/pagination.d.ts@11.2.10'
  File is ECMAScript module because '../../node_modules/.pnpm/swiper@11.2.10/node_modules/swiper/package.json' has field "type" with value "module"
../../node_modules/.pnpm/swiper@11.2.10/node_modules/swiper/types/modules/parallax.d.ts
  Imported via './modules/parallax.d.ts' from file '../../node_modules/.pnpm/swiper@11.2.10/node_modules/swiper/types/swiper-options.d.ts' with packageId 'swiper/types/modules/parallax.d.ts@11.2.10'
  Imported via './modules/parallax.d.ts' from file '../../node_modules/.pnpm/swiper@11.2.10/node_modules/swiper/types/swiper-events.d.ts' with packageId 'swiper/types/modules/parallax.d.ts@11.2.10'
  Imported via './modules/parallax.d.ts' from file '../../node_modules/.pnpm/swiper@11.2.10/node_modules/swiper/types/swiper-class.d.ts' with packageId 'swiper/types/modules/parallax.d.ts@11.2.10'
  Imported via './parallax.d.ts' from file '../../node_modules/.pnpm/swiper@11.2.10/node_modules/swiper/types/modules/public-api.d.ts' with packageId 'swiper/types/modules/parallax.d.ts@11.2.10'
  File is ECMAScript module because '../../node_modules/.pnpm/swiper@11.2.10/node_modules/swiper/package.json' has field "type" with value "module"
../../node_modules/.pnpm/swiper@11.2.10/node_modules/swiper/types/modules/scrollbar.d.ts
  Imported via './modules/scrollbar.d.ts' from file '../../node_modules/.pnpm/swiper@11.2.10/node_modules/swiper/types/swiper-options.d.ts' with packageId 'swiper/types/modules/scrollbar.d.ts@11.2.10'
  Imported via './modules/scrollbar.d.ts' from file '../../node_modules/.pnpm/swiper@11.2.10/node_modules/swiper/types/swiper-events.d.ts' with packageId 'swiper/types/modules/scrollbar.d.ts@11.2.10'
  Imported via './modules/scrollbar.d.ts' from file '../../node_modules/.pnpm/swiper@11.2.10/node_modules/swiper/types/swiper-class.d.ts' with packageId 'swiper/types/modules/scrollbar.d.ts@11.2.10'
  Imported via './scrollbar.d.ts' from file '../../node_modules/.pnpm/swiper@11.2.10/node_modules/swiper/types/modules/public-api.d.ts' with packageId 'swiper/types/modules/scrollbar.d.ts@11.2.10'
  File is ECMAScript module because '../../node_modules/.pnpm/swiper@11.2.10/node_modules/swiper/package.json' has field "type" with value "module"
../../node_modules/.pnpm/swiper@11.2.10/node_modules/swiper/types/modules/thumbs.d.ts
  Imported via './modules/thumbs.d.ts' from file '../../node_modules/.pnpm/swiper@11.2.10/node_modules/swiper/types/swiper-options.d.ts' with packageId 'swiper/types/modules/thumbs.d.ts@11.2.10'
  Imported via './modules/thumbs.d.ts' from file '../../node_modules/.pnpm/swiper@11.2.10/node_modules/swiper/types/swiper-events.d.ts' with packageId 'swiper/types/modules/thumbs.d.ts@11.2.10'
  Imported via './modules/thumbs.d.ts' from file '../../node_modules/.pnpm/swiper@11.2.10/node_modules/swiper/types/swiper-class.d.ts' with packageId 'swiper/types/modules/thumbs.d.ts@11.2.10'
  Imported via './thumbs.d.ts' from file '../../node_modules/.pnpm/swiper@11.2.10/node_modules/swiper/types/modules/public-api.d.ts' with packageId 'swiper/types/modules/thumbs.d.ts@11.2.10'
  File is ECMAScript module because '../../node_modules/.pnpm/swiper@11.2.10/node_modules/swiper/package.json' has field "type" with value "module"
../../node_modules/.pnpm/swiper@11.2.10/node_modules/swiper/types/modules/virtual.d.ts
  Imported via './modules/virtual.d.ts' from file '../../node_modules/.pnpm/swiper@11.2.10/node_modules/swiper/types/swiper-options.d.ts' with packageId 'swiper/types/modules/virtual.d.ts@11.2.10'
  Imported via './modules/virtual.d.ts' from file '../../node_modules/.pnpm/swiper@11.2.10/node_modules/swiper/types/swiper-events.d.ts' with packageId 'swiper/types/modules/virtual.d.ts@11.2.10'
  Imported via './modules/virtual.d.ts' from file '../../node_modules/.pnpm/swiper@11.2.10/node_modules/swiper/types/swiper-class.d.ts' with packageId 'swiper/types/modules/virtual.d.ts@11.2.10'
  Imported via './virtual.d.ts' from file '../../node_modules/.pnpm/swiper@11.2.10/node_modules/swiper/types/modules/public-api.d.ts' with packageId 'swiper/types/modules/virtual.d.ts@11.2.10'
  File is ECMAScript module because '../../node_modules/.pnpm/swiper@11.2.10/node_modules/swiper/package.json' has field "type" with value "module"
../../node_modules/.pnpm/swiper@11.2.10/node_modules/swiper/types/modules/zoom.d.ts
  Imported via './modules/zoom.d.ts' from file '../../node_modules/.pnpm/swiper@11.2.10/node_modules/swiper/types/swiper-options.d.ts' with packageId 'swiper/types/modules/zoom.d.ts@11.2.10'
  Imported via './modules/zoom.d.ts' from file '../../node_modules/.pnpm/swiper@11.2.10/node_modules/swiper/types/swiper-events.d.ts' with packageId 'swiper/types/modules/zoom.d.ts@11.2.10'
  Imported via './modules/zoom.d.ts' from file '../../node_modules/.pnpm/swiper@11.2.10/node_modules/swiper/types/swiper-class.d.ts' with packageId 'swiper/types/modules/zoom.d.ts@11.2.10'
  Imported via './zoom.d.ts' from file '../../node_modules/.pnpm/swiper@11.2.10/node_modules/swiper/types/modules/public-api.d.ts' with packageId 'swiper/types/modules/zoom.d.ts@11.2.10'
  File is ECMAScript module because '../../node_modules/.pnpm/swiper@11.2.10/node_modules/swiper/package.json' has field "type" with value "module"
../../node_modules/.pnpm/swiper@11.2.10/node_modules/swiper/types/modules/free-mode.d.ts
  Imported via './modules/free-mode.d.ts' from file '../../node_modules/.pnpm/swiper@11.2.10/node_modules/swiper/types/swiper-options.d.ts' with packageId 'swiper/types/modules/free-mode.d.ts@11.2.10'
  Imported via './modules/free-mode.d.ts' from file '../../node_modules/.pnpm/swiper@11.2.10/node_modules/swiper/types/swiper-events.d.ts' with packageId 'swiper/types/modules/free-mode.d.ts@11.2.10'
  Imported via './modules/free-mode.d.ts' from file '../../node_modules/.pnpm/swiper@11.2.10/node_modules/swiper/types/swiper-class.d.ts' with packageId 'swiper/types/modules/free-mode.d.ts@11.2.10'
  Imported via './free-mode.d.ts' from file '../../node_modules/.pnpm/swiper@11.2.10/node_modules/swiper/types/modules/public-api.d.ts' with packageId 'swiper/types/modules/free-mode.d.ts@11.2.10'
  File is ECMAScript module because '../../node_modules/.pnpm/swiper@11.2.10/node_modules/swiper/package.json' has field "type" with value "module"
../../node_modules/.pnpm/swiper@11.2.10/node_modules/swiper/types/modules/grid.d.ts
  Imported via './modules/grid.d.ts' from file '../../node_modules/.pnpm/swiper@11.2.10/node_modules/swiper/types/swiper-options.d.ts' with packageId 'swiper/types/modules/grid.d.ts@11.2.10'
  Imported via './grid.d.ts' from file '../../node_modules/.pnpm/swiper@11.2.10/node_modules/swiper/types/modules/public-api.d.ts' with packageId 'swiper/types/modules/grid.d.ts@11.2.10'
  File is ECMAScript module because '../../node_modules/.pnpm/swiper@11.2.10/node_modules/swiper/package.json' has field "type" with value "module"
../../node_modules/.pnpm/swiper@11.2.10/node_modules/swiper/types/swiper-events.d.ts
  Imported via './swiper-events.d.ts' from file '../../node_modules/.pnpm/swiper@11.2.10/node_modules/swiper/types/swiper-options.d.ts' with packageId 'swiper/types/swiper-events.d.ts@11.2.10'
  Imported via './swiper-events.d.ts' from file '../../node_modules/.pnpm/swiper@11.2.10/node_modules/swiper/types/swiper-class.d.ts' with packageId 'swiper/types/swiper-events.d.ts@11.2.10'
  Imported via './swiper-events.d.ts' from file '../../node_modules/.pnpm/swiper@11.2.10/node_modules/swiper/types/index.d.ts' with packageId 'swiper/types/swiper-events.d.ts@11.2.10'
  File is ECMAScript module because '../../node_modules/.pnpm/swiper@11.2.10/node_modules/swiper/package.json' has field "type" with value "module"
../../node_modules/.pnpm/swiper@11.2.10/node_modules/swiper/types/swiper-options.d.ts
  Imported via './swiper-options.d.ts' from file '../../node_modules/.pnpm/swiper@11.2.10/node_modules/swiper/types/swiper-class.d.ts' with packageId 'swiper/types/swiper-options.d.ts@11.2.10'
  Imported via './swiper-options.d.ts' from file '../../node_modules/.pnpm/swiper@11.2.10/node_modules/swiper/types/swiper-events.d.ts' with packageId 'swiper/types/swiper-options.d.ts@11.2.10'
  Imported via './swiper-options.d.ts' from file '../../node_modules/.pnpm/swiper@11.2.10/node_modules/swiper/types/index.d.ts' with packageId 'swiper/types/swiper-options.d.ts@11.2.10'
  File is ECMAScript module because '../../node_modules/.pnpm/swiper@11.2.10/node_modules/swiper/package.json' has field "type" with value "module"
../../node_modules/.pnpm/swiper@11.2.10/node_modules/swiper/types/modules/manipulation.d.ts
  Imported via './modules/manipulation.d.ts' from file '../../node_modules/.pnpm/swiper@11.2.10/node_modules/swiper/types/swiper-class.d.ts' with packageId 'swiper/types/modules/manipulation.d.ts@11.2.10'
  Imported via './manipulation.d.ts' from file '../../node_modules/.pnpm/swiper@11.2.10/node_modules/swiper/types/modules/public-api.d.ts' with packageId 'swiper/types/modules/manipulation.d.ts@11.2.10'
  File is ECMAScript module because '../../node_modules/.pnpm/swiper@11.2.10/node_modules/swiper/package.json' has field "type" with value "module"
../../node_modules/.pnpm/swiper@11.2.10/node_modules/swiper/types/swiper-class.d.ts
  Imported via './swiper-class.d.ts' from file '../../node_modules/.pnpm/swiper@11.2.10/node_modules/swiper/types/index.d.ts' with packageId 'swiper/types/swiper-class.d.ts@11.2.10'
  Imported via '../swiper-class.d.ts' from file '../../node_modules/.pnpm/swiper@11.2.10/node_modules/swiper/types/modules/autoplay.d.ts' with packageId 'swiper/types/swiper-class.d.ts@11.2.10'
  Imported via '../swiper-class.d.ts' from file '../../node_modules/.pnpm/swiper@11.2.10/node_modules/swiper/types/modules/controller.d.ts' with packageId 'swiper/types/swiper-class.d.ts@11.2.10'
  Imported via '../swiper-class.d.ts' from file '../../node_modules/.pnpm/swiper@11.2.10/node_modules/swiper/types/modules/hash-navigation.d.ts' with packageId 'swiper/types/swiper-class.d.ts@11.2.10'
  Imported via '../swiper-class.d.ts' from file '../../node_modules/.pnpm/swiper@11.2.10/node_modules/swiper/types/modules/keyboard.d.ts' with packageId 'swiper/types/swiper-class.d.ts@11.2.10'
  Imported via '../swiper-class.d.ts' from file '../../node_modules/.pnpm/swiper@11.2.10/node_modules/swiper/types/modules/mousewheel.d.ts' with packageId 'swiper/types/swiper-class.d.ts@11.2.10'
  Imported via '../swiper-class.d.ts' from file '../../node_modules/.pnpm/swiper@11.2.10/node_modules/swiper/types/modules/navigation.d.ts' with packageId 'swiper/types/swiper-class.d.ts@11.2.10'
  Imported via '../swiper-class.d.ts' from file '../../node_modules/.pnpm/swiper@11.2.10/node_modules/swiper/types/modules/pagination.d.ts' with packageId 'swiper/types/swiper-class.d.ts@11.2.10'
  Imported via '../swiper-class.d.ts' from file '../../node_modules/.pnpm/swiper@11.2.10/node_modules/swiper/types/modules/scrollbar.d.ts' with packageId 'swiper/types/swiper-class.d.ts@11.2.10'
  Imported via '../swiper-class.d.ts' from file '../../node_modules/.pnpm/swiper@11.2.10/node_modules/swiper/types/modules/thumbs.d.ts' with packageId 'swiper/types/swiper-class.d.ts@11.2.10'
  Imported via '../swiper-class.d.ts' from file '../../node_modules/.pnpm/swiper@11.2.10/node_modules/swiper/types/modules/zoom.d.ts' with packageId 'swiper/types/swiper-class.d.ts@11.2.10'
  Imported via './swiper-class.d.ts' from file '../../node_modules/.pnpm/swiper@11.2.10/node_modules/swiper/types/swiper-events.d.ts' with packageId 'swiper/types/swiper-class.d.ts@11.2.10'
  File is ECMAScript module because '../../node_modules/.pnpm/swiper@11.2.10/node_modules/swiper/package.json' has field "type" with value "module"
../../node_modules/.pnpm/swiper@11.2.10/node_modules/swiper/types/modules/public-api.d.ts
  Imported via './modules/public-api.d.ts' from file '../../node_modules/.pnpm/swiper@11.2.10/node_modules/swiper/types/index.d.ts' with packageId 'swiper/types/modules/public-api.d.ts@11.2.10'
  File is ECMAScript module because '../../node_modules/.pnpm/swiper@11.2.10/node_modules/swiper/package.json' has field "type" with value "module"
../../node_modules/.pnpm/swiper@11.2.10/node_modules/swiper/types/index.d.ts
  Imported via './types/index.d.ts' from file '../../node_modules/.pnpm/swiper@11.2.10/node_modules/swiper/swiper-react.d.ts' with packageId 'swiper/types/index.d.ts@11.2.10'
  Imported via './index.d.ts' from file '../../node_modules/.pnpm/swiper@11.2.10/node_modules/swiper/types/shared.d.ts' with packageId 'swiper/types/index.d.ts@11.2.10'
  File is ECMAScript module because '../../node_modules/.pnpm/swiper@11.2.10/node_modules/swiper/package.json' has field "type" with value "module"
../../node_modules/.pnpm/swiper@11.2.10/node_modules/swiper/swiper-react.d.ts
  Imported via "swiper/react" from file 'index.tsx'
  File is ECMAScript module because '../../node_modules/.pnpm/swiper@11.2.10/node_modules/swiper/package.json' has field "type" with value "module"
index.tsx
  Matched by default include pattern '**/*'
../../node_modules/.pnpm/@types+react-dom@18.3.1/node_modules/@types/react-dom/index.d.ts
  Entry point for implicit type library 'react-dom' with packageId '@types/react-dom/index.d.ts@18.3.1'
